Move 0: 0.6895 seconds
 Actual move: (0, 6, 1, 6)
Move 1: 0.5726 seconds
 Actual move: (0, 8, 1, 8)
Move 2: 0.4592 seconds
 Actual move: (4, 6, 3, 6)
Move 3: 0.4887 seconds
 Actual move: (6, 6, 6, 5)
Move 4: 0.5380 seconds
 Actual move: (6, 5, 6, 4)
Move 5: 0.2450 seconds
 Actual move: (6, 4, 5, 4)
Move 6: 0.4224 seconds
 Actual move: (5, 7, 4, 7)
Move 7: 0.4099 seconds
 Actual move: (6, 8, 5, 8)
Move 8: 0.2311 seconds
 Actual move: (3, 6, 3, 7)
Move 9: 0.2058 seconds
 Actual move: (3, 7, 2, 7)
Move 10: 0.4291 seconds
 Actual move: (2, 7, 2, 8)
Move 11: 0.3069 seconds
 Actual move: (2, 6, 2, 7)
Move 12: 0.2010 seconds
 Actual move: (1, 6, 2, 6)
Move 13: 0.2035 seconds
 Actual move: (4, 7, 3, 7)
Move 14: 0.1578 seconds
 Actual move: (5, 8, 4, 8)
Move 15: 0.1723 seconds
 Actual move: (2, 6, 3, 6)
Move 16: 0.1828 seconds
 Actual move: (4, 8, 4, 7)
Move 17: 0.1899 seconds
 Actual move: (3, 6, 3, 5)
Move 18: 0.1477 seconds
 Actual move: (3, 5, 3, 4)
Move 19: 0.1298 seconds
 Actual move: (3, 4, 3, 3)
Move 20: 0.0736 seconds
 Actual move: (3, 3, 3, 2)
Move 21: 0.1302 seconds
 Actual move: (3, 2, 2, 2)
Move 22: 0.0712 seconds
 Actual move: (4, 7, 4, 6)
Move 23: 0.1171 seconds
 Actual move: (2, 2, 3, 2)
Move 24: 0.2277 seconds
 Actual move: (3, 2, 2, 2)
Move 25: 0.1024 seconds
 Actual move: (2, 2, 2, 1)
Move 26: 0.0951 seconds
 Actual move: (4, 6, 4, 2)
Move 27: 0.0523 seconds
 Actual move: (2, 1, 3, 1)
Move 28: 0.0478 seconds
 Actual move: (4, 2, 3, 2)
Move 29: 0.0143 seconds
 Actual move: (5, 4, 4, 4)
Move 30: 0.0141 seconds
 Actual move: (3, 1, 4, 1)
Move 0: 0.3958 seconds
 Actual move: (0, 0, 1, 0)
Move 1: 0.2938 seconds
 Actual move: (6, 0, 5, 0)
Move 2: 0.4114 seconds
 Actual move: (0, 2, 0, 3)
Move 3: 1.4626 seconds
 Actual move: (0, 3, 0, 4)
Move 4: 1.3980 seconds
 Actual move: (0, 4, 0, 5)
Move 5: 0.5704 seconds
 Actual move: (6, 2, 5, 2)
Move 6: 0.3549 seconds
 Actual move: (1, 0, 2, 0)
Move 7: 0.3324 seconds
 Actual move: (2, 0, 2, 1)
Move 8: 0.8914 seconds
 Actual move: (2, 1, 2, 2)
Move 9: 0.2446 seconds
 Actual move: (2, 2, 2, 6)
Move 10: 0.3041 seconds
 Actual move: (2, 6, 3, 6)
Move 11: 0.4161 seconds
 Actual move: (5, 0, 4, 0)
Move 12: 0.3358 seconds
 Actual move: (1, 1, 1, 0)
Move 0: 0.4782 seconds
 Actual move: (0, 6, 1, 6)
Move 1: 0.5016 seconds
 Actual move: (0, 8, 1, 8)
Move 2: 0.4329 seconds
 Actual move: (4, 6, 3, 6)
Move 3: 0.2721 seconds
 Actual move: (6, 6, 5, 6)
Move 4: 0.2980 seconds
 Actual move: (5, 6, 5, 5)
Move 5: 0.4446 seconds
 Actual move: (5, 5, 6, 5)
Move 6: 0.6523 seconds
 Actual move: (6, 5, 6, 4)
Move 7: 0.2791 seconds
 Actual move: (3, 6, 3, 5)
Move 8: 0.2896 seconds
 Actual move: (3, 5, 3, 4)
Move 9: 0.3024 seconds
 Actual move: (2, 6, 2, 7)
Move 10: 0.2266 seconds
 Actual move: (1, 6, 2, 6)
Move 11: 0.1854 seconds
 Actual move: (2, 6, 3, 6)
Move 12: 0.5374 seconds
 Actual move: (5, 7, 5, 6)
Move 13: 0.0811 seconds
 Actual move: (1, 8, 2, 8)
Move 14: 0.4093 seconds
 Actual move: (6, 8, 5, 8)
Move 0: 0.3551 seconds
 Actual move: (0, 0, 1, 0)
Move 1: 0.3665 seconds
 Actual move: (6, 0, 5, 0)
Move 2: 0.3150 seconds
 Actual move: (1, 0, 2, 0)
Move 3: 0.4222 seconds
 Actual move: (2, 0, 2, 1)
Move 4: 2.2205 seconds
 Actual move: (2, 2, 3, 2)
Move 0: 0.6753 seconds
 Actual move: (0, 6, 1, 6)
Move 1: 0.6085 seconds
 Actual move: (0, 8, 1, 8)
Move 2: 0.4428 seconds
 Actual move: (4, 6, 3, 6)
Move 3: 0.5347 seconds
 Actual move: (5, 7, 4, 7)
Move 4: 0.5222 seconds
 Actual move: (6, 8, 5, 8)
Move 5: 0.4915 seconds
 Actual move: (1, 8, 2, 8)
Move 6: 0.5363 seconds
 Actual move: (2, 8, 2, 7)
Move 7: 0.4870 seconds
 Actual move: (6, 6, 5, 6)
Move 8: 0.5154 seconds
 Actual move: (5, 6, 4, 6)
Move 9: 0.4114 seconds
 Actual move: (2, 7, 3, 7)
Move 10: 0.4511 seconds
 Actual move: (1, 7, 2, 7)
Move 11: 0.5688 seconds
 Actual move: (4, 6, 5, 6)
Move 12: 1.0131 seconds
 Actual move: (5, 6, 5, 7)
Move 13: 0.6719 seconds
 Actual move: (3, 6, 3, 5)
Move 14: 0.8753 seconds
 Actual move: (2, 6, 3, 6)
Move 15: 0.2124 seconds
 Actual move: (1, 6, 2, 6)
Move 16: 0.4793 seconds
 Actual move: (5, 8, 4, 8)
Move 17: 0.2360 seconds
 Actual move: (5, 7, 5, 8)
Move 18: 0.2029 seconds
 Actual move: (3, 6, 4, 6)
Move 19: 0.2990 seconds
 Actual move: (2, 6, 3, 6)
Move 20: 0.1708 seconds
 Actual move: (5, 8, 5, 7)
Move 21: 0.1838 seconds
 Actual move: (5, 7, 5, 8)
Move 22: 0.1644 seconds
 Actual move: (5, 8, 5, 7)
Move 23: 0.1765 seconds
 Actual move: (5, 7, 5, 8)
Move 24: 0.1625 seconds
 Actual move: (5, 8, 5, 7)
Move 25: 0.1767 seconds
 Actual move: (5, 7, 5, 8)
Move 26: 0.1660 seconds
 Actual move: (5, 8, 5, 7)
Move 27: 0.1691 seconds
 Actual move: (5, 7, 5, 8)
Move 28: 0.1598 seconds
 Actual move: (5, 8, 5, 7)
Move 29: 0.1766 seconds
 Actual move: (5, 7, 5, 8)
Move 30: 0.1533 seconds
 Actual move: (5, 8, 5, 7)
Move 31: 0.1676 seconds
 Actual move: (5, 7, 5, 8)
Move 32: 0.1598 seconds
 Actual move: (5, 8, 5, 7)
Move 33: 0.1730 seconds
 Actual move: (5, 7, 5, 8)
Move 34: 0.1556 seconds
 Actual move: (5, 8, 5, 7)
Move 35: 0.1742 seconds
 Actual move: (5, 7, 5, 8)
Move 36: 0.1640 seconds
 Actual move: (5, 8, 5, 7)
Move 37: 0.1688 seconds
 Actual move: (5, 7, 5, 8)
Move 38: 0.1572 seconds
 Actual move: (5, 8, 5, 7)
Move 39: 0.1775 seconds
 Actual move: (5, 7, 5, 8)
Move 40: 0.1607 seconds
 Actual move: (5, 8, 5, 7)
Move 0: 0.3360 seconds
 Actual move: (0, 0, 1, 0)
Move 1: 0.2649 seconds
 Actual move: (6, 0, 5, 0)
Move 2: 0.2953 seconds
 Actual move: (1, 0, 2, 0)
Move 3: 0.3520 seconds
 Actual move: (2, 0, 2, 1)
Move 4: 1.9217 seconds
 Actual move: (2, 2, 3, 2)
Move 5: 1.9784 seconds
 Actual move: (5, 0, 4, 0)
Move 6: 2.4105 seconds
 Actual move: (6, 2, 5, 2)
Move 7: 0.1948 seconds
 Actual move: (2, 1, 3, 1)
Move 8: 0.2429 seconds
 Actual move: (4, 0, 4, 1)
Move 9: 0.1954 seconds
 Actual move: (1, 1, 2, 1)
Move 10: 0.2576 seconds
 Actual move: (0, 2, 0, 3)
Move 11: 0.3811 seconds
 Actual move: (0, 3, 0, 4)
Move 12: 0.4314 seconds
 Actual move: (0, 4, 1, 4)
Move 13: 0.3578 seconds
 Actual move: (1, 4, 2, 4)
Move 14: 0.5411 seconds
 Actual move: (2, 4, 2, 3)
Move 15: 0.2213 seconds
 Actual move: (5, 1, 6, 1)
Move 16: 0.4060 seconds
 Actual move: (6, 1, 6, 2)
Move 17: 0.2917 seconds
 Actual move: (6, 2, 6, 3)
Move 18: 0.2624 seconds
 Actual move: (2, 1, 2, 2)
Move 19: 0.2643 seconds
 Actual move: (3, 1, 2, 1)
Move 20: 0.1292 seconds
 Actual move: (4, 1, 3, 1)
Move 21: 0.1644 seconds
 Actual move: (4, 2, 4, 1)
Move 22: 0.1897 seconds
 Actual move: (6, 3, 6, 4)
Move 23: 0.1836 seconds
 Actual move: (6, 4, 6, 3)
Move 24: 0.1870 seconds
 Actual move: (6, 3, 6, 2)
Move 25: 0.1630 seconds
 Actual move: (5, 2, 4, 2)
Move 26: 0.1021 seconds
 Actual move: (2, 1, 1, 1)
Move 27: 0.0883 seconds
 Actual move: (1, 1, 1, 2)
Move 28: 0.0721 seconds
 Actual move: (1, 2, 1, 6)
Move 29: 0.0893 seconds
 Actual move: (1, 6, 2, 6)
Move 30: 0.0705 seconds
 Actual move: (2, 6, 2, 7)
Move 0: 0.4906 seconds
 Actual move: (0, 6, 1, 6)
Move 1: 0.5146 seconds
 Actual move: (0, 8, 1, 8)
Move 2: 0.4525 seconds
 Actual move: (4, 6, 3, 6)
Move 3: 0.4809 seconds
 Actual move: (6, 6, 6, 5)
Move 4: 0.5511 seconds
 Actual move: (6, 5, 6, 4)
Move 5: 0.4037 seconds
 Actual move: (5, 7, 4, 7)
Move 6: 0.3471 seconds
 Actual move: (6, 8, 5, 8)
Move 7: 0.1290 seconds
 Actual move: (2, 6, 2, 7)
Move 8: 0.2311 seconds
 Actual move: (5, 8, 4, 8)
Move 9: 0.2015 seconds
 Actual move: (1, 6, 2, 6)
Move 10: 0.3403 seconds
 Actual move: (3, 6, 3, 5)
Move 11: 0.2050 seconds
 Actual move: (1, 8, 2, 8)
Move 12: 0.1406 seconds
 Actual move: (6, 4, 5, 4)
Move 13: 0.1901 seconds
 Actual move: (2, 6, 3, 6)
Move 14: 0.3034 seconds
 Actual move: (2, 7, 3, 7)
Move 15: 0.2136 seconds
 Actual move: (2, 8, 2, 7)
Move 16: 0.1968 seconds
 Actual move: (1, 7, 1, 8)
Move 17: 0.2187 seconds
 Actual move: (1, 8, 2, 8)
Move 18: 0.1840 seconds
 Actual move: (3, 6, 2, 6)
Move 19: 0.2912 seconds
 Actual move: (3, 5, 3, 4)
Move 20: 0.0835 seconds
 Actual move: (2, 6, 3, 6)
Move 21: 0.1696 seconds
 Actual move: (2, 7, 2, 6)
Move 22: 0.2867 seconds
 Actual move: (2, 6, 1, 6)
Move 23: 0.2481 seconds
 Actual move: (3, 6, 3, 5)
Move 24: 0.2688 seconds
 Actual move: (1, 6, 1, 2)
Move 25: 0.1580 seconds
 Actual move: (1, 2, 1, 1)
Move 26: 0.0794 seconds
 Actual move: (1, 1, 2, 1)
Move 27: 0.0587 seconds
 Actual move: (2, 1, 3, 1)
Move 28: 0.1428 seconds
 Actual move: (3, 1, 4, 1)
Move 29: 0.0641 seconds
 Actual move: (4, 1, 4, 2)
Move 30: 0.0102 seconds
 Actual move: (3, 7, 2, 7)
Move 31: 0.0080 seconds
 Actual move: (2, 7, 2, 8)
Move 0: 0.3289 seconds
 Actual move: (0, 0, 1, 0)
Move 1: 0.2455 seconds
 Actual move: (6, 0, 5, 0)
Move 2: 0.2577 seconds
 Actual move: (1, 0, 2, 0)
Move 3: 0.2018 seconds
 Actual move: (2, 0, 2, 1)
Move 4: 0.2296 seconds
 Actual move: (2, 2, 3, 2)
Move 5: 0.3344 seconds
 Actual move: (6, 2, 6, 3)
Move 6: 0.3231 seconds
 Actual move: (5, 0, 4, 0)
Move 7: 0.4269 seconds
 Actual move: (6, 3, 6, 2)
Move 8: 0.7951 seconds
 Actual move: (4, 0, 4, 1)
Move 9: 0.8652 seconds
 Actual move: (0, 2, 1, 2)
Move 10: 0.9112 seconds
 Actual move: (1, 2, 1, 3)
Move 11: 0.6625 seconds
 Actual move: (6, 2, 6, 1)
Move 12: 0.4493 seconds
 Actual move: (5, 1, 5, 0)
Move 13: 0.6346 seconds
 Actual move: (1, 3, 2, 3)
Move 14: 0.7249 seconds
 Actual move: (2, 1, 2, 2)
Move 15: 0.6929 seconds
 Actual move: (1, 1, 2, 1)
Move 16: 0.5204 seconds
 Actual move: (6, 1, 5, 1)
Move 17: 0.4932 seconds
 Actual move: (4, 1, 3, 1)
Move 18: 0.9273 seconds
 Actual move: (4, 2, 4, 1)
Move 19: 0.7960 seconds
 Actual move: (3, 2, 4, 2)
Move 20: 0.3388 seconds
 Actual move: (2, 2, 3, 2)
Move 21: 0.2527 seconds
 Actual move: (3, 2, 3, 3)
Move 22: 0.3022 seconds
 Actual move: (3, 3, 3, 4)
Move 23: 0.4607 seconds
 Actual move: (3, 4, 3, 5)
Move 24: 0.4850 seconds
 Actual move: (3, 5, 3, 4)
Move 25: 0.4241 seconds
 Actual move: (3, 4, 3, 3)
Move 26: 0.3817 seconds
 Actual move: (3, 3, 3, 2)
Move 27: 0.2659 seconds
 Actual move: (2, 3, 3, 3)
Move 28: 0.3549 seconds
 Actual move: (3, 3, 3, 4)
Move 29: 0.3315 seconds
 Actual move: (3, 4, 3, 5)
Move 30: 0.1658 seconds
 Actual move: (3, 5, 3, 4)
Move 31: 0.1696 seconds
 Actual move: (3, 4, 4, 4)
Move 32: 0.1769 seconds
 Actual move: (3, 2, 3, 3)
Move 33: 0.2415 seconds
 Actual move: (3, 3, 3, 4)
Move 34: 0.1174 seconds
 Actual move: (3, 4, 3, 5)
Move 35: 0.1502 seconds
 Actual move: (3, 5, 3, 6)
Move 36: 0.1526 seconds
 Actual move: (3, 6, 4, 6)
Move 37: 0.1110 seconds
 Actual move: (4, 6, 4, 7)
Move 38: 0.1250 seconds
 Actual move: (4, 7, 4, 8)
Move 39: 0.0616 seconds
 Actual move: (4, 8, 3, 8)
Move 0: 0.4893 seconds
 Actual move: (0, 6, 1, 6)
Move 1: 0.4167 seconds
 Actual move: (0, 8, 1, 8)
Move 2: 0.3303 seconds
 Actual move: (4, 6, 3, 6)
Move 3: 0.3919 seconds
 Actual move: (5, 7, 4, 7)
Move 4: 0.4537 seconds
 Actual move: (6, 8, 5, 8)
Move 5: 0.3671 seconds
 Actual move: (1, 8, 2, 8)
Move 6: 0.2925 seconds
 Actual move: (2, 8, 2, 7)
Move 7: 0.4430 seconds
 Actual move: (6, 6, 5, 6)
Move 8: 0.4694 seconds
 Actual move: (5, 6, 4, 6)
Move 9: 0.3438 seconds
 Actual move: (2, 7, 3, 7)
Move 10: 0.2280 seconds
 Actual move: (1, 7, 2, 7)
Move 11: 0.2697 seconds
 Actual move: (5, 8, 5, 7)
Move 12: 0.1079 seconds
 Actual move: (2, 7, 2, 8)
Move 13: 0.2501 seconds
 Actual move: (2, 6, 2, 7)
Move 14: 0.1331 seconds
 Actual move: (1, 6, 2, 6)
Move 15: 0.2354 seconds
 Actual move: (4, 7, 4, 8)
Move 16: 0.3720 seconds
 Actual move: (4, 6, 4, 5)
Move 17: 0.5430 seconds
 Actual move: (5, 7, 4, 7)
Move 18: 0.2977 seconds
 Actual move: (4, 7, 4, 6)
Move 19: 0.2790 seconds
 Actual move: (4, 8, 4, 7)
Move 20: 0.2217 seconds
 Actual move: (2, 6, 1, 6)
Move 21: 0.1490 seconds
 Actual move: (1, 6, 1, 7)
Move 22: 0.2332 seconds
 Actual move: (2, 7, 2, 6)
Move 23: 0.1842 seconds
 Actual move: (1, 7, 1, 6)
Move 24: 0.2325 seconds
 Actual move: (2, 6, 2, 7)
Move 25: 0.1418 seconds
 Actual move: (1, 6, 1, 7)
Move 26: 0.1509 seconds
 Actual move: (2, 7, 2, 6)
Move 27: 0.2720 seconds
 Actual move: (1, 7, 2, 7)
Move 28: 0.1956 seconds
 Actual move: (2, 6, 1, 6)
Move 29: 0.1616 seconds
 Actual move: (4, 6, 5, 6)
Move 30: 0.1996 seconds
 Actual move: (1, 6, 1, 7)
Move 31: 0.2222 seconds
 Actual move: (3, 6, 3, 5)
Move 32: 0.0966 seconds
 Actual move: (3, 5, 3, 6)
Move 33: 0.0796 seconds
 Actual move: (3, 6, 4, 6)
Move 34: 0.1415 seconds
 Actual move: (5, 6, 5, 2)
Move 35: 0.1024 seconds
 Actual move: (2, 7, 2, 6)
Move 36: 0.1338 seconds
 Actual move: (2, 6, 3, 6)
Move 37: 0.1951 seconds
 Actual move: (5, 2, 4, 2)
Move 38: 0.1187 seconds
 Actual move: (3, 6, 3, 5)
Move 39: 0.1364 seconds
 Actual move: (4, 2, 3, 2)
Move 40: 0.0471 seconds
 Actual move: (3, 7, 2, 7)
Move 41: 0.0516 seconds
 Actual move: (2, 7, 1, 7)
Move 42: 0.0606 seconds
 Actual move: (1, 7, 1, 6)
Move 43: 0.0389 seconds
 Actual move: (3, 5, 3, 4)
Move 44: 0.0409 seconds
 Actual move: (3, 4, 3, 3)
Move 45: 0.0717 seconds
 Actual move: (1, 6, 2, 6)
Move 46: 0.0654 seconds
 Actual move: (2, 6, 2, 2)
Move 47: 0.0466 seconds
 Actual move: (2, 2, 2, 1)
Move 48: 0.0156 seconds
 Actual move: (3, 2, 3, 1)
Move 49: 0.0168 seconds
 Actual move: (3, 3, 3, 2)
Move 50: 0.0219 seconds
 Actual move: (4, 6, 3, 6)
Move 51: 0.0360 seconds
 Actual move: (4, 5, 3, 5)
Move 52: 0.0262 seconds
 Actual move: (3, 5, 3, 4)
Move 53: 0.0232 seconds
 Actual move: (3, 1, 3, 0)
Move 0: 0.3427 seconds
 Actual move: (0, 0, 1, 0)
Move 1: 0.5168 seconds
 Actual move: (6, 0, 5, 0)
Move 2: 0.4136 seconds
 Actual move: (1, 0, 2, 0)
Move 3: 0.3458 seconds
 Actual move: (2, 0, 2, 1)
Move 4: 0.4683 seconds
 Actual move: (2, 2, 3, 2)
Move 5: 0.5766 seconds
 Actual move: (5, 0, 4, 0)
Move 6: 0.6956 seconds
 Actual move: (6, 2, 6, 1)
Move 7: 0.4357 seconds
 Actual move: (5, 1, 4, 1)
Move 8: 0.2948 seconds
 Actual move: (6, 1, 5, 1)
Move 9: 0.2190 seconds
 Actual move: (2, 1, 3, 1)
Move 10: 0.2018 seconds
 Actual move: (1, 1, 2, 1)
Move 11: 0.2882 seconds
 Actual move: (0, 2, 1, 2)
Move 12: 0.3290 seconds
 Actual move: (1, 2, 2, 2)
Move 13: 0.2271 seconds
 Actual move: (2, 2, 2, 3)
Move 14: 0.2669 seconds
 Actual move: (2, 3, 2, 4)
Move 15: 0.2128 seconds
 Actual move: (2, 4, 2, 5)
Move 16: 0.2497 seconds
 Actual move: (4, 2, 5, 2)
Move 17: 0.4066 seconds
 Actual move: (5, 2, 6, 2)
Move 18: 0.4714 seconds
 Actual move: (3, 2, 4, 2)
Move 19: 0.3209 seconds
 Actual move: (2, 5, 2, 6)
Move 20: 0.2373 seconds
 Actual move: (2, 6, 3, 6)
Move 21: 0.1376 seconds
 Actual move: (6, 2, 6, 1)
Move 22: 0.1333 seconds
 Actual move: (5, 1, 5, 2)
Move 23: 0.1430 seconds
 Actual move: (6, 1, 5, 1)
Move 24: 0.1097 seconds
 Actual move: (2, 1, 2, 0)
Move 25: 0.0882 seconds
 Actual move: (2, 0, 2, 1)
Move 26: 0.0715 seconds
 Actual move: (2, 1, 2, 2)
Move 27: 0.1048 seconds
 Actual move: (2, 2, 2, 1)
Move 28: 0.1156 seconds
 Actual move: (2, 1, 2, 0)
Move 29: 0.0963 seconds
 Actual move: (2, 0, 2, 1)
Move 30: 0.0879 seconds
 Actual move: (4, 0, 5, 0)
Move 31: 0.0662 seconds
 Actual move: (5, 0, 4, 0)
Move 32: 0.0810 seconds
 Actual move: (4, 0, 5, 0)
Move 33: 0.0755 seconds
 Actual move: (5, 0, 4, 0)
Move 34: 0.0932 seconds
 Actual move: (4, 0, 5, 0)
Move 35: 0.1011 seconds
 Actual move: (5, 0, 4, 0)
Move 36: 0.0878 seconds
 Actual move: (4, 0, 5, 0)
Move 37: 0.1037 seconds
 Actual move: (5, 0, 4, 0)
Move 38: 0.0996 seconds
 Actual move: (5, 1, 6, 1)
Move 39: 0.1731 seconds
 Actual move: (6, 1, 5, 1)
Move 40: 0.0988 seconds
 Actual move: (4, 0, 5, 0)
Move 41: 0.1227 seconds
 Actual move: (5, 0, 4, 0)
Move 42: 0.0689 seconds
 Actual move: (5, 1, 6, 1)
Move 43: 0.1488 seconds
 Actual move: (6, 1, 5, 1)
Move 44: 0.0640 seconds
 Actual move: (5, 1, 6, 1)
Move 45: 0.1669 seconds
 Actual move: (6, 1, 5, 1)
Move 0: 0.4911 seconds
 Actual move: (0, 6, 1, 6)
Move 1: 0.5240 seconds
 Actual move: (0, 8, 1, 8)
Move 2: 0.4410 seconds
 Actual move: (4, 6, 3, 6)
Move 3: 0.4247 seconds
 Actual move: (5, 7, 4, 7)
Move 4: 0.4512 seconds
 Actual move: (6, 8, 5, 8)
Move 5: 0.4055 seconds
 Actual move: (1, 8, 2, 8)
Move 6: 0.5020 seconds
 Actual move: (6, 6, 6, 5)
Move 7: 0.5204 seconds
 Actual move: (6, 5, 6, 4)
Move 8: 0.3671 seconds
 Actual move: (2, 8, 2, 7)
Move 9: 0.4014 seconds
 Actual move: (6, 4, 5, 4)
Move 10: 0.1673 seconds
 Actual move: (2, 7, 3, 7)
Move 11: 0.2929 seconds
 Actual move: (2, 6, 2, 7)
Move 12: 0.1410 seconds
 Actual move: (1, 6, 2, 6)
Move 13: 0.3676 seconds
 Actual move: (5, 4, 5, 3)
Move 14: 0.3131 seconds
 Actual move: (1, 7, 1, 8)
Move 15: 0.3102 seconds
 Actual move: (5, 3, 4, 3)
Move 16: 0.2539 seconds
 Actual move: (5, 8, 5, 7)
Move 17: 0.2609 seconds
 Actual move: (5, 7, 5, 6)
Move 18: 0.4661 seconds
 Actual move: (5, 6, 5, 2)
Move 19: 0.4568 seconds
 Actual move: (5, 2, 5, 1)
Move 20: 0.3065 seconds
 Actual move: (5, 1, 4, 1)
Move 21: 0.2165 seconds
 Actual move: (4, 1, 4, 0)
Move 22: 0.1482 seconds
 Actual move: (4, 0, 3, 0)
Move 0: 0.3591 seconds
 Actual move: (0, 0, 1, 0)
Move 1: 0.3602 seconds
 Actual move: (6, 0, 5, 0)
Move 2: 0.5647 seconds
 Actual move: (0, 2, 0, 3)
Move 3: 0.8207 seconds
 Actual move: (0, 3, 0, 4)
Move 4: 0.5979 seconds
 Actual move: (6, 2, 6, 1)
Move 5: 0.3315 seconds
 Actual move: (5, 1, 4, 1)
Move 6: 0.6461 seconds
 Actual move: (0, 4, 1, 4)
Move 7: -0.2618 seconds
 Actual move: (1, 0, 2, 0)
Move 8: 0.5524 seconds
 Actual move: (6, 1, 5, 1)
Move 9: 0.5669 seconds
 Actual move: (2, 0, 2, 1)
Move 10: 0.5186 seconds
 Actual move: (2, 2, 3, 2)
Move 11: 0.4780 seconds
 Actual move: (2, 1, 2, 2)
Move 12: 0.3558 seconds
 Actual move: (2, 2, 2, 6)
Move 13: 0.4785 seconds
 Actual move: (2, 6, 1, 6)
Move 14: 1.1718 seconds
 Actual move: (5, 1, 5, 2)
Move 15: 0.2519 seconds
 Actual move: (4, 2, 5, 2)
Move 16: 0.1274 seconds
 Actual move: (1, 6, 1, 7)
Move 17: 0.0717 seconds
 Actual move: (1, 7, 2, 7)
Move 18: 0.1252 seconds
 Actual move: (2, 7, 2, 8)
Move 19: 0.0516 seconds
 Actual move: (1, 1, 2, 1)
Move 20: 0.0668 seconds
 Actual move: (2, 8, 2, 7)
Move 21: 0.0339 seconds
 Actual move: (3, 2, 3, 3)
Move 22: 0.0485 seconds
 Actual move: (3, 3, 3, 4)
