Move 0: 0.6804 seconds
 Actual move: (0, 0, 1, 0)
Move 1: 0.4532 seconds
 Actual move: (6, 2, 6, 3)
Move 2: 0.4435 seconds
 Actual move: (6, 3, 6, 4)
Move 3: 0.4115 seconds
 Actual move: (6, 0, 6, 1)
Move 4: 0.3713 seconds
 Actual move: (6, 1, 6, 2)
Move 5: 0.4214 seconds
 Actual move: (6, 2, 6, 3)
Move 6: 0.4154 seconds
 Actual move: (6, 3, 3, 3)
Move 7: 0.4372 seconds
 Actual move: (3, 3, 3, 4)
Move 8: -0.0410 seconds
 Actual move: (3, 4, 3, 5)
Move 9: 0.4289 seconds
 Actual move: (3, 5, 3, 6)
Move 10: 0.4279 seconds
 Actual move: (0, 2, 0, 3)
Move 11: 0.4326 seconds
 Actual move: (0, 3, 0, 4)
Move 12: 0.4149 seconds
 Actual move: (3, 6, 4, 6)
Move 13: 0.4064 seconds
 Actual move: (1, 0, 2, 0)
Move 14: 0.4404 seconds
 Actual move: (2, 0, 2, 1)
Move 15: 0.4125 seconds
 Actual move: (4, 6, 4, 7)
Move 16: 0.3179 seconds
 Actual move: (2, 1, 3, 1)
Move 17: 0.3814 seconds
 Actual move: (3, 1, 3, 2)
Move 18: 0.3395 seconds
 Actual move: (1, 1, 2, 1)
Move 19: 0.2751 seconds
 Actual move: (5, 1, 5, 2)
Move 20: 0.1836 seconds
 Actual move: (0, 4, 1, 4)
Move 21: 0.1924 seconds
 Actual move: (1, 4, 2, 4)
Move 22: 0.2207 seconds
 Actual move: (4, 2, 3, 2)
Move 23: 0.1903 seconds
 Actual move: (2, 4, 3, 4)
Move 24: 0.1711 seconds
 Actual move: (3, 4, 3, 3)
Move 25: 0.1129 seconds
 Actual move: (3, 3, 3, 2)
Move 26: 0.0849 seconds
 Actual move: (3, 2, 2, 2)
Move 27: 0.1015 seconds
 Actual move: (2, 2, 3, 2)
Move 28: 0.0450 seconds
 Actual move: (5, 2, 4, 2)
Move 29: 0.0286 seconds
 Actual move: (4, 2, 4, 1)
Move 0: 0.4358 seconds
 Actual move: (0, 6, 0, 5)
Move 1: 0.4231 seconds
 Actual move: (0, 8, 0, 7)
Move 2: 0.3909 seconds
 Actual move: (0, 7, 0, 6)
Move 3: 0.4059 seconds
 Actual move: (0, 6, 1, 6)
Move 4: 0.4359 seconds
 Actual move: (1, 6, 1, 2)
Move 5: 0.4447 seconds
 Actual move: (1, 2, 2, 2)
Move 6: 0.3913 seconds
 Actual move: (5, 7, 4, 7)
Move 7: 0.3604 seconds
 Actual move: (6, 8, 5, 8)
Move 8: 0.3895 seconds
 Actual move: (2, 2, 3, 2)
Move 9: 0.4268 seconds
 Actual move: (3, 2, 3, 1)
Move 10: 0.3397 seconds
 Actual move: (5, 8, 5, 7)
Move 11: 0.3148 seconds
 Actual move: (5, 7, 5, 6)
Move 12: 0.2627 seconds
 Actual move: (1, 7, 1, 6)
Move 13: 0.2424 seconds
 Actual move: (3, 1, 3, 0)
Move 0: 0.4203 seconds
 Actual move: (6, 2, 6, 3)
Move 1: 0.4080 seconds
 Actual move: (6, 0, 6, 1)
Move 2: 0.3884 seconds
 Actual move: (6, 1, 6, 2)
Move 3: 0.4064 seconds
 Actual move: (6, 2, 5, 2)
Move 4: 0.3820 seconds
 Actual move: (6, 3, 6, 4)
Move 5: 0.3719 seconds
 Actual move: (5, 2, 5, 6)
Move 6: 0.4166 seconds
 Actual move: (5, 6, 4, 6)
Move 7: 0.3959 seconds
 Actual move: (4, 6, 3, 6)
Move 8: 0.4119 seconds
 Actual move: (0, 2, 0, 3)
Move 9: 0.4229 seconds
 Actual move: (0, 3, 0, 4)
Move 10: 0.4066 seconds
 Actual move: (3, 6, 4, 6)
Move 11: 0.3875 seconds
 Actual move: (4, 6, 4, 7)
Move 12: 0.4247 seconds
 Actual move: (2, 2, 3, 2)
Move 13: 0.4077 seconds
 Actual move: (4, 7, 4, 8)
Move 14: 0.3617 seconds
 Actual move: (4, 8, 3, 8)
Move 0: 0.4326 seconds
 Actual move: (0, 6, 0, 5)
Move 1: 0.4256 seconds
 Actual move: (6, 6, 6, 5)
Move 2: 0.4121 seconds
 Actual move: (6, 8, 6, 7)
Move 3: 0.3953 seconds
 Actual move: (6, 7, 6, 6)
Move 4: 0.3996 seconds
 Actual move: (6, 6, 5, 6)
Move 5: 0.4031 seconds
 Actual move: (5, 6, 5, 2)
Move 0: 0.6572 seconds
 Actual move: (6, 2, 6, 3)
Move 1: 0.4385 seconds
 Actual move: (0, 0, 0, 1)
Move 2: 0.3878 seconds
 Actual move: (0, 2, 0, 3)
Move 3: 0.4264 seconds
 Actual move: (0, 1, 0, 2)
Move 4: 0.4490 seconds
 Actual move: (0, 2, 1, 2)
Move 5: 0.4084 seconds
 Actual move: (6, 0, 5, 0)
Move 6: 0.3804 seconds
 Actual move: (0, 3, 0, 4)
Move 7: 0.3871 seconds
 Actual move: (6, 3, 6, 4)
Move 8: 0.3889 seconds
 Actual move: (6, 4, 6, 5)
Move 9: 0.3927 seconds
 Actual move: (6, 5, 6, 6)
Move 10: 0.4193 seconds
 Actual move: (6, 6, 6, 7)
Move 11: 0.4270 seconds
 Actual move: (6, 7, 6, 8)
Move 12: 0.3896 seconds
 Actual move: (2, 2, 3, 2)
Move 13: 0.4139 seconds
 Actual move: (1, 2, 2, 2)
Move 14: 0.4557 seconds
 Actual move: (2, 2, 2, 6)
Move 15: 0.3585 seconds
 Actual move: (3, 2, 3, 3)
Move 16: 0.3577 seconds
 Actual move: (4, 2, 3, 2)
Move 17: 0.3126 seconds
 Actual move: (6, 8, 6, 7)
Move 18: 0.4072 seconds
 Actual move: (5, 0, 4, 0)
Move 19: 0.4524 seconds
 Actual move: (4, 0, 4, 1)
Move 20: 0.4037 seconds
 Actual move: (6, 7, 6, 8)
Move 21: 0.3426 seconds
 Actual move: (6, 8, 6, 7)
Move 22: 0.3563 seconds
 Actual move: (6, 7, 6, 8)
Move 23: 0.3383 seconds
 Actual move: (6, 8, 6, 7)
Move 24: 0.3630 seconds
 Actual move: (6, 7, 6, 8)
Move 25: 0.3406 seconds
 Actual move: (6, 8, 6, 7)
Move 26: -0.1358 seconds
 Actual move: (6, 7, 6, 8)
Move 27: 0.3339 seconds
 Actual move: (6, 8, 6, 7)
Move 28: 0.3677 seconds
 Actual move: (6, 7, 6, 8)
Move 29: 0.3347 seconds
 Actual move: (6, 8, 6, 7)
Move 30: 0.3502 seconds
 Actual move: (6, 7, 6, 8)
Move 31: 0.3382 seconds
 Actual move: (6, 8, 6, 7)
Move 32: 0.3538 seconds
 Actual move: (6, 7, 6, 8)
Move 33: 0.3335 seconds
 Actual move: (6, 8, 6, 7)
Move 34: 0.3572 seconds
 Actual move: (6, 7, 6, 8)
Move 35: 0.3392 seconds
 Actual move: (6, 8, 6, 7)
Move 36: 0.3640 seconds
 Actual move: (6, 7, 6, 8)
Move 37: 0.3354 seconds
 Actual move: (6, 8, 6, 7)
Move 38: 0.3570 seconds
 Actual move: (6, 7, 6, 8)
Move 39: 0.3420 seconds
 Actual move: (6, 8, 6, 7)
Move 0: 0.4562 seconds
 Actual move: (0, 8, 0, 7)
Move 1: 0.3892 seconds
 Actual move: (6, 6, 6, 5)
Move 2: 0.4060 seconds
 Actual move: (6, 8, 6, 7)
Move 3: 0.3757 seconds
 Actual move: (6, 7, 6, 6)
Move 4: 0.4745 seconds
 Actual move: (6, 6, 5, 6)
Move 5: 0.3884 seconds
 Actual move: (6, 5, 6, 4)
Move 6: 0.3823 seconds
 Actual move: (5, 6, 5, 2)
Move 7: 0.3570 seconds
 Actual move: (4, 6, 3, 6)
Move 8: 0.3360 seconds
 Actual move: (0, 6, 0, 5)
Move 9: 0.3608 seconds
 Actual move: (3, 6, 3, 5)
Move 10: 0.3562 seconds
 Actual move: (0, 5, 0, 4)
Move 11: 0.3395 seconds
 Actual move: (0, 7, 0, 6)
Move 12: 0.3877 seconds
 Actual move: (0, 6, 0, 5)
Move 13: 0.4295 seconds
 Actual move: (0, 5, 0, 4)
Move 14: 0.3578 seconds
 Actual move: (0, 4, 0, 3)
Move 15: 0.3476 seconds
 Actual move: (6, 4, 6, 3)
Move 16: 0.3458 seconds
 Actual move: (0, 3, 0, 2)
Move 17: 0.3400 seconds
 Actual move: (3, 5, 3, 4)
Move 18: 0.2845 seconds
 Actual move: (0, 2, 0, 1)
Move 19: 0.2762 seconds
 Actual move: (2, 6, 3, 6)
Move 20: 0.2962 seconds
 Actual move: (3, 6, 3, 5)
Move 21: 0.2318 seconds
 Actual move: (0, 1, 0, 0)
Move 22: 0.2082 seconds
 Actual move: (5, 7, 6, 7)
Move 23: 0.1888 seconds
 Actual move: (6, 7, 6, 6)
Move 24: 0.1893 seconds
 Actual move: (1, 7, 1, 6)
Move 25: 0.1747 seconds
 Actual move: (1, 6, 2, 6)
Move 26: 0.1712 seconds
 Actual move: (6, 6, 6, 5)
Move 27: 0.1593 seconds
 Actual move: (2, 6, 2, 7)
Move 28: 0.2002 seconds
 Actual move: (2, 7, 2, 6)
Move 29: 0.1623 seconds
 Actual move: (0, 0, 1, 0)
Move 30: 0.1290 seconds
 Actual move: (1, 0, 2, 0)
Move 31: 0.1241 seconds
 Actual move: (2, 0, 3, 0)
Move 0: 0.4309 seconds
 Actual move: (6, 2, 6, 3)
Move 1: 0.4118 seconds
 Actual move: (0, 0, 1, 0)
Move 2: -0.0981 seconds
 Actual move: (6, 3, 6, 4)
Move 3: 0.3802 seconds
 Actual move: (1, 0, 2, 0)
Move 4: 0.3685 seconds
 Actual move: (2, 0, 2, 1)
Move 5: 0.3390 seconds
 Actual move: (6, 0, 5, 0)
Move 6: 0.3228 seconds
 Actual move: (2, 2, 3, 2)
Move 7: 0.3425 seconds
 Actual move: (2, 1, 2, 2)
Move 8: 0.3594 seconds
 Actual move: (3, 2, 3, 3)
Move 9: 0.3792 seconds
 Actual move: (2, 2, 3, 2)
Move 10: 0.3139 seconds
 Actual move: (5, 1, 4, 1)
Move 11: 0.3145 seconds
 Actual move: (4, 1, 3, 1)
Move 12: 0.3021 seconds
 Actual move: (5, 0, 5, 1)
Move 13: 0.3248 seconds
 Actual move: (0, 2, 0, 3)
Move 14: 0.3226 seconds
 Actual move: (5, 1, 5, 2)
Move 15: 0.2842 seconds
 Actual move: (0, 3, 1, 3)
Move 16: 0.2995 seconds
 Actual move: (1, 3, 1, 4)
Move 17: 0.3117 seconds
 Actual move: (1, 4, 1, 5)
Move 18: 0.3020 seconds
 Actual move: (3, 3, 3, 4)
Move 19: 0.2987 seconds
 Actual move: (1, 5, 1, 6)
Move 20: 0.3070 seconds
 Actual move: (3, 2, 3, 3)
Move 21: 0.3688 seconds
 Actual move: (3, 3, 3, 4)
Move 22: 0.2573 seconds
 Actual move: (3, 4, 0, 4)
Move 23: 0.2449 seconds
 Actual move: (0, 4, 0, 5)
Move 24: 0.2110 seconds
 Actual move: (0, 5, 0, 6)
Move 25: 0.1563 seconds
 Actual move: (0, 6, 0, 7)
Move 26: 0.1476 seconds
 Actual move: (0, 7, 0, 8)
Move 27: 0.0893 seconds
 Actual move: (4, 2, 4, 1)
Move 28: 0.0695 seconds
 Actual move: (5, 2, 4, 2)
Move 29: 0.0263 seconds
 Actual move: (0, 8, 1, 8)
Move 30: 0.0395 seconds
 Actual move: (1, 8, 2, 8)
Move 0: 0.4282 seconds
 Actual move: (6, 8, 5, 8)
Move 1: 0.4194 seconds
 Actual move: (0, 8, 0, 7)
Move 2: 0.3580 seconds
 Actual move: (5, 8, 4, 8)
Move 3: 0.3856 seconds
 Actual move: (4, 8, 4, 7)
Move 4: 0.3530 seconds
 Actual move: (0, 6, 1, 6)
Move 5: 0.3146 seconds
 Actual move: (0, 7, 0, 6)
Move 6: 0.3170 seconds
 Actual move: (6, 6, 6, 5)
Move 7: 0.3284 seconds
 Actual move: (6, 5, 6, 4)
Move 8: 0.3265 seconds
 Actual move: (0, 6, 0, 5)
Move 9: 0.3721 seconds
 Actual move: (0, 5, 0, 4)
Move 10: 0.3803 seconds
 Actual move: (0, 4, 0, 3)
Move 11: 0.3774 seconds
 Actual move: (6, 4, 6, 3)
Move 12: 0.3559 seconds
 Actual move: (4, 7, 3, 7)
Move 13: 0.4157 seconds
 Actual move: (3, 7, 3, 6)
Move 14: 0.3647 seconds
 Actual move: (0, 3, 0, 2)
Move 15: 0.3997 seconds
 Actual move: (0, 2, 0, 1)
Move 16: 0.3969 seconds
 Actual move: (0, 1, 0, 0)
Move 17: 0.3598 seconds
 Actual move: (3, 6, 3, 5)
Move 18: 0.4674 seconds
 Actual move: (3, 5, 3, 4)
Move 19: 0.4662 seconds
 Actual move: (3, 4, 3, 3)
Move 20: -0.1532 seconds
 Actual move: (3, 3, 3, 2)
Move 21: 0.3366 seconds
 Actual move: (6, 3, 6, 2)
Move 22: 0.3413 seconds
 Actual move: (2, 6, 3, 6)
Move 23: 0.3793 seconds
 Actual move: (1, 6, 2, 6)
Move 24: 0.3682 seconds
 Actual move: (3, 6, 3, 7)
Move 25: 0.4333 seconds
 Actual move: (2, 6, 3, 6)
Move 26: 0.3798 seconds
 Actual move: (3, 6, 3, 5)
Move 27: 0.4097 seconds
 Actual move: (3, 5, 3, 4)
Move 28: 0.3910 seconds
 Actual move: (3, 4, 3, 5)
Move 29: 0.3868 seconds
 Actual move: (1, 7, 0, 7)
Move 30: 0.3358 seconds
 Actual move: (3, 7, 3, 6)
Move 31: 0.3004 seconds
 Actual move: (3, 6, 3, 5)
Move 32: 0.3167 seconds
 Actual move: (5, 7, 5, 6)
Move 33: 0.2659 seconds
 Actual move: (4, 6, 3, 6)
Move 34: 0.2693 seconds
 Actual move: (5, 6, 4, 6)
Move 35: 0.2350 seconds
 Actual move: (0, 0, 1, 0)
Move 36: 0.2074 seconds
 Actual move: (0, 7, 0, 6)
Move 37: 0.1583 seconds
 Actual move: (0, 6, 1, 6)
Move 38: 0.1545 seconds
 Actual move: (1, 6, 2, 6)
Move 39: 0.1462 seconds
 Actual move: (2, 6, 3, 6)
Move 0: 0.4335 seconds
 Actual move: (6, 2, 5, 2)
Move 1: 0.3637 seconds
 Actual move: (2, 2, 3, 2)
Move 2: 0.3556 seconds
 Actual move: (3, 2, 3, 3)
Move 3: 0.3560 seconds
 Actual move: (6, 0, 6, 1)
Move 4: 0.3501 seconds
 Actual move: (3, 3, 3, 4)
Move 5: 0.3378 seconds
 Actual move: (6, 1, 6, 2)
Move 6: 0.3380 seconds
 Actual move: (6, 2, 6, 3)
Move 7: 0.4016 seconds
 Actual move: (6, 3, 3, 3)
Move 8: 0.3832 seconds
 Actual move: (0, 2, 0, 3)
Move 9: 0.3554 seconds
 Actual move: (0, 0, 1, 0)
Move 10: 0.3365 seconds
 Actual move: (1, 0, 2, 0)
Move 11: 0.3697 seconds
 Actual move: (2, 0, 2, 1)
Move 12: 0.3683 seconds
 Actual move: (2, 1, 2, 2)
Move 13: 0.4205 seconds
 Actual move: (2, 2, 2, 6)
Move 14: 0.3162 seconds
 Actual move: (4, 2, 3, 2)
Move 15: 0.3315 seconds
 Actual move: (5, 2, 4, 2)
Move 16: 0.3336 seconds
 Actual move: (0, 3, 0, 4)
Move 17: 0.3530 seconds
 Actual move: (0, 4, 0, 5)
Move 18: 0.3756 seconds
 Actual move: (1, 1, 1, 2)
Move 19: 0.3497 seconds
 Actual move: (5, 1, 6, 1)
Move 20: 0.3268 seconds
 Actual move: (0, 5, 0, 6)
Move 21: 0.3331 seconds
 Actual move: (6, 1, 6, 2)
Move 22: 0.3298 seconds
 Actual move: (0, 6, 0, 7)
Move 23: 0.3315 seconds
 Actual move: (1, 2, 2, 2)
Move 24: 0.2862 seconds
 Actual move: (0, 7, 0, 6)
Move 25: 0.2815 seconds
 Actual move: (6, 2, 6, 3)
Move 26: 0.2481 seconds
 Actual move: (3, 2, 3, 1)
Move 27: 0.3526 seconds
 Actual move: (0, 6, 0, 7)
Move 28: 0.3464 seconds
 Actual move: (4, 2, 3, 2)
Move 29: 0.2411 seconds
 Actual move: (0, 7, 1, 7)
Move 30: 0.1882 seconds
 Actual move: (3, 4, 3, 5)
Move 31: 0.1677 seconds
 Actual move: (3, 3, 3, 4)
Move 32: 0.2223 seconds
 Actual move: (3, 2, 3, 3)
Move 33: 0.2185 seconds
 Actual move: (3, 4, 3, 5)
Move 34: 0.2372 seconds
 Actual move: (3, 3, 3, 4)
Move 35: 0.2018 seconds
 Actual move: (3, 1, 3, 2)
Move 36: 0.1732 seconds
 Actual move: (3, 5, 0, 5)
Move 37: -0.2766 seconds
 Actual move: (3, 4, 3, 5)
Move 38: 0.1469 seconds
 Actual move: (0, 5, 0, 6)
Move 39: 0.1130 seconds
 Actual move: (0, 6, 1, 6)
Move 40: 0.1288 seconds
 Actual move: (1, 6, 1, 7)
Move 41: 0.0526 seconds
 Actual move: (2, 2, 2, 1)
Move 42: 0.0810 seconds
 Actual move: (2, 1, 2, 0)
Move 43: 0.0536 seconds
 Actual move: (6, 3, 6, 4)
Move 44: 0.0558 seconds
 Actual move: (2, 0, 2, 1)
Move 45: 0.0862 seconds
 Actual move: (6, 4, 6, 5)
Move 46: 0.0724 seconds
 Actual move: (6, 5, 6, 6)
Move 47: 0.0394 seconds
 Actual move: (6, 6, 6, 7)
Move 48: 0.0369 seconds
 Actual move: (6, 7, 6, 6)
Move 49: 0.0428 seconds
 Actual move: (6, 6, 6, 7)
Move 50: 0.0370 seconds
 Actual move: (6, 7, 5, 7)
Move 51: 0.0365 seconds
 Actual move: (5, 7, 5, 8)
Move 52: 0.0358 seconds
 Actual move: (5, 8, 6, 8)
Move 0: 0.4214 seconds
 Actual move: (4, 6, 3, 6)
Move 1: 0.4021 seconds
 Actual move: (0, 6, 1, 6)
Move 2: 0.3450 seconds
 Actual move: (3, 6, 3, 5)
Move 3: 0.3349 seconds
 Actual move: (6, 6, 6, 5)
Move 4: 0.3467 seconds
 Actual move: (3, 5, 3, 4)
Move 5: 0.3543 seconds
 Actual move: (6, 5, 6, 4)
Move 6: 0.3460 seconds
 Actual move: (6, 4, 6, 3)
Move 7: 0.3456 seconds
 Actual move: (2, 6, 3, 6)
Move 8: 0.4108 seconds
 Actual move: (3, 6, 3, 5)
Move 9: 0.3512 seconds
 Actual move: (5, 7, 4, 7)
Move 10: 0.3449 seconds
 Actual move: (6, 8, 6, 7)
Move 11: 0.3684 seconds
 Actual move: (1, 6, 2, 6)
Move 12: 0.4167 seconds
 Actual move: (6, 7, 6, 6)
Move 13: 0.4231 seconds
 Actual move: (4, 7, 4, 6)
Move 14: 0.3998 seconds
 Actual move: (6, 6, 6, 5)
Move 15: 0.4016 seconds
 Actual move: (6, 5, 6, 4)
Move 16: 0.3410 seconds
 Actual move: (6, 3, 6, 2)
Move 17: 0.3554 seconds
 Actual move: (6, 4, 6, 3)
Move 18: 0.3201 seconds
 Actual move: (6, 3, 3, 3)
Move 19: 0.3139 seconds
 Actual move: (2, 6, 3, 6)
Move 20: 0.2329 seconds
 Actual move: (0, 8, 0, 7)
Move 21: 0.2183 seconds
 Actual move: (4, 6, 3, 6)
Move 22: 0.1894 seconds
 Actual move: (0, 7, 0, 6)
Move 23: 0.2289 seconds
 Actual move: (0, 6, 1, 6)
Move 24: 0.2194 seconds
 Actual move: (1, 6, 1, 2)
Move 25: 0.2459 seconds
 Actual move: (1, 2, 1, 1)
Move 26: 0.2407 seconds
 Actual move: (1, 7, 0, 7)
Move 27: 0.2270 seconds
 Actual move: (1, 1, 0, 1)
Move 28: 0.2122 seconds
 Actual move: (3, 6, 3, 7)
Move 29: 0.2239 seconds
 Actual move: (0, 1, 0, 0)
Move 30: 0.2031 seconds
 Actual move: (0, 7, 0, 8)
Move 31: 0.1875 seconds
 Actual move: (3, 7, 3, 6)
Move 32: 0.1692 seconds
 Actual move: (0, 8, 1, 8)
Move 33: 0.1871 seconds
 Actual move: (1, 8, 2, 8)
Move 34: 0.1677 seconds
 Actual move: (2, 8, 2, 7)
Move 35: 0.2015 seconds
 Actual move: (3, 6, 2, 6)
Move 36: 0.1941 seconds
 Actual move: (2, 7, 2, 8)
Move 37: 0.1842 seconds
 Actual move: (2, 6, 1, 6)
Move 38: 0.1851 seconds
 Actual move: (0, 0, 1, 0)
Move 39: 0.2062 seconds
 Actual move: (2, 8, 2, 7)
Move 40: 0.2358 seconds
 Actual move: (1, 6, 2, 6)
Move 41: 0.2033 seconds
 Actual move: (2, 7, 3, 7)
Move 42: 0.2375 seconds
 Actual move: (2, 6, 3, 6)
Move 43: 0.1742 seconds
 Actual move: (3, 7, 2, 7)
Move 44: 0.2192 seconds
 Actual move: (2, 7, 3, 7)
Move 45: 0.1698 seconds
 Actual move: (3, 6, 4, 6)
Move 46: 0.2272 seconds
 Actual move: (4, 6, 3, 6)
Move 0: 0.4407 seconds
 Actual move: (6, 2, 6, 3)
Move 1: 0.4140 seconds
 Actual move: (0, 0, 0, 1)
Move 2: 0.3585 seconds
 Actual move: (2, 2, 3, 2)
Move 3: 0.3469 seconds
 Actual move: (3, 2, 3, 3)
Move 4: 0.3437 seconds
 Actual move: (6, 0, 5, 0)
Move 5: 0.3691 seconds
 Actual move: (6, 3, 6, 4)
Move 6: 0.3303 seconds
 Actual move: (3, 3, 3, 4)
Move 7: 0.2867 seconds
 Actual move: (1, 1, 2, 1)
Move 8: 0.3218 seconds
 Actual move: (0, 1, 1, 1)
Move 9: 0.3367 seconds
 Actual move: (1, 1, 1, 2)
Move 10: 0.3433 seconds
 Actual move: (1, 2, 2, 2)
Move 11: 0.3612 seconds
 Actual move: (2, 2, 2, 6)
Move 12: 0.2927 seconds
 Actual move: (5, 0, 4, 0)
Move 13: 0.3122 seconds
 Actual move: (4, 0, 4, 1)
Move 14: 0.2835 seconds
 Actual move: (4, 2, 3, 2)
Move 15: 0.3440 seconds
 Actual move: (3, 2, 3, 3)
Move 16: 0.2664 seconds
 Actual move: (0, 2, 0, 3)
Move 17: 0.2784 seconds
 Actual move: (4, 1, 4, 2)
Move 18: 0.2761 seconds
 Actual move: (4, 2, 3, 2)
Move 19: 0.2008 seconds
 Actual move: (0, 3, 1, 3)
Move 20: 0.2261 seconds
 Actual move: (1, 3, 2, 3)
Move 21: 0.2007 seconds
 Actual move: (2, 1, 3, 1)
Move 0: 0.4278 seconds
 Actual move: (0, 6, 0, 5)
Move 1: 0.4079 seconds
 Actual move: (6, 6, 6, 5)
Move 2: 0.3974 seconds
 Actual move: (0, 5, 0, 4)
Move 3: 0.3972 seconds
 Actual move: (6, 5, 6, 4)
Move 4: 0.3514 seconds
 Actual move: (6, 4, 6, 3)
Move 5: 0.3656 seconds
 Actual move: (0, 8, 0, 7)
Move 6: 0.3508 seconds
 Actual move: (0, 7, 0, 6)
Move 7: 0.3777 seconds
 Actual move: (0, 6, 1, 6)
Move 8: 0.3208 seconds
 Actual move: (6, 3, 6, 2)
Move 9: 0.3211 seconds
 Actual move: (2, 6, 3, 6)
Move 10: 0.3514 seconds
 Actual move: (3, 6, 3, 5)
Move 11: 0.3492 seconds
 Actual move: (6, 8, 6, 7)
Move 12: 0.3509 seconds
 Actual move: (6, 7, 6, 6)
Move 13: 0.3811 seconds
 Actual move: (6, 6, 5, 6)
Move 14: 0.2736 seconds
 Actual move: (5, 6, 5, 2)
Move 15: 0.2539 seconds
 Actual move: (6, 2, 5, 2)
Move 16: 0.1780 seconds
 Actual move: (3, 5, 3, 4)
Move 17: 0.1231 seconds
 Actual move: (5, 7, 4, 7)
Move 18: 0.0970 seconds
 Actual move: (4, 6, 3, 6)
Move 19: 0.1421 seconds
 Actual move: (4, 7, 3, 7)
Move 20: 0.0967 seconds
 Actual move: (3, 7, 2, 7)
Move 21: 0.0786 seconds
 Actual move: (3, 6, 3, 5)
Move 22: 0.0136 seconds
 Actual move: (3, 5, 3, 6)
Move 23: 0.0488 seconds
 Actual move: (3, 6, 3, 5)
